<?xml version="1.0" encoding="UTF-8"?>
<beans xmlns="http://www.springframework.org/schema/beans"
       xmlns:sec="http://www.springframework.org/schema/security"
       xmlns:xsi="http://www.w3.org/2001/XMLSchema-instance"
       xsi:schemaLocation="
         http://www.springframework.org/schema/beans
         http://www.springframework.org/schema/beans/spring-beans-3.0.xsd
         http://www.springframework.org/schema/security
         http://www.springframework.org/schema/security/spring-security.xsd">

    <bean class="sample.spring.security.control.MyMvcController" />

    <sec:http>
        <sec:intercept-url pattern="/do-login" access="permitAll" />
        <sec:intercept-url pattern="/**" access="isAuthenticated()" />
        <sec:form-login login-processing-url="/do-login"
                        username-parameter="login-id"
                        password-parameter="pass" />
        <sec:logout />
    </sec:http>

    <sec:authentication-manager>
        <sec:authentication-provider>
            <sec:user-service>
                <sec:user name="user" password="password" authorities="FOO" />
            </sec:user-service>
        </sec:authentication-provider>
    </sec:authentication-manager>
</beans>
